c:\libraries\bwapi\exampleaimodule\release\vc141.pdb
c:\libraries\bwapi\exampleaimodule\release\exampleaimodule.obj
c:\libraries\bwapi\exampleaimodule\release\bwapiext.obj
c:\libraries\bwapi\exampleaimodule\release\cp.obj
c:\libraries\bwapi\exampleaimodule\release\gridmap.obj
c:\libraries\bwapi\exampleaimodule\release\mapimpl.obj
c:\libraries\bwapi\exampleaimodule\release\winutils.obj
c:\libraries\bwapi\exampleaimodule\release\area.obj
c:\libraries\bwapi\exampleaimodule\release\examplewall.obj
c:\libraries\bwapi\exampleaimodule\release\mapdrawer.obj
c:\libraries\bwapi\exampleaimodule\release\neutral.obj
c:\libraries\bwapi\exampleaimodule\release\base.obj
c:\libraries\bwapi\exampleaimodule\release\examples.obj
c:\libraries\bwapi\exampleaimodule\release\map.obj
c:\libraries\bwapi\exampleaimodule\release\tiles.obj
c:\libraries\bwapi\exampleaimodule\release\dll.obj
c:\libraries\bwapi\exampleaimodule\release\easybmp.obj
c:\libraries\bwapi\exampleaimodule\release\bwem.obj
c:\libraries\bwapi\exampleaimodule\release\graph.obj
c:\libraries\bwapi\exampleaimodule\release\mapprinter.obj
c:\libraries\bwapi\exampleaimodule\release\utils.obj
c:\libraries\bwapi\exampleaimodule\release\exampleaimodule.lib
c:\libraries\bwapi\exampleaimodule\release\exampleaimodule.exp
c:\users\psokol\desktop\starcraft_1161\bwapi-data\ai\exampleaimodule.ipdb
c:\users\psokol\desktop\starcraft_1161\bwapi-data\ai\exampleaimodule.iobj
c:\users\psokol\desktop\starcraft_1161\bwapi-data\ai\exampleaimodule.dll
c:\users\psokol\desktop\starcraft_1161\bwapi-data\ai\exampleaimodule.pdb
c:\libraries\bwapi\exampleaimodule\..\..\..\users\psokol\desktop\starcraft_1161\bwapi-data\ai\exampleaimodule.dll
c:\libraries\bwapi\exampleaimodule\release\exampleaimodule.tlog\cl.command.1.tlog
c:\libraries\bwapi\exampleaimodule\release\exampleaimodule.tlog\cl.read.1.tlog
c:\libraries\bwapi\exampleaimodule\release\exampleaimodule.tlog\cl.write.1.tlog
c:\libraries\bwapi\exampleaimodule\release\exampleaimodule.tlog\exampleaimodule.write.1u.tlog
c:\libraries\bwapi\exampleaimodule\release\exampleaimodule.tlog\link.command.1.tlog
c:\libraries\bwapi\exampleaimodule\release\exampleaimodule.tlog\link.read.1.tlog
c:\libraries\bwapi\exampleaimodule\release\exampleaimodule.tlog\link.write.1.tlog
